<?xml version="1.0" encoding="UTF-8"?>
<testsuite xmlns:xsi="http://www.w3.org/2001/XMLSchema-instance" xsi:noNamespaceSchemaLocation="https://maven.apache.org/surefire/maven-failsafe-plugin/xsd/failsafe-test-report.xsd" name="weinvest.modules.RunAllStories" time="48.008" tests="35" errors="1" skipped="0" failures="0">
  <properties>
    <property name="sun.desktop" value="windows"/>
    <property name="awt.toolkit" value="sun.awt.windows.WToolkit"/>
    <property name="file.encoding.pkg" value="sun.io"/>
    <property name="java.specification.version" value="1.8"/>
    <property name="sun.cpu.isalist" value="amd64"/>
    <property name="sun.jnu.encoding" value="Cp1252"/>
    <property name="java.class.path" value="C:\Users\dineeshbaabu\.p2\pool\plugins\org.eclipse.m2e.maven.runtime_1.8.2.20171007-0216\jars\plexus-classworlds-2.5.2.jar"/>
    <property name="java.vm.vendor" value="Oracle Corporation"/>
    <property name="sun.arch.data.model" value="64"/>
    <property name="user.variant" value=""/>
    <property name="java.vendor.url" value="http://java.oracle.com/"/>
    <property name="user.timezone" value="Asia/Calcutta"/>
    <property name="os.name" value="Windows 10"/>
    <property name="java.vm.specification.version" value="1.8"/>
    <property name="user.country" value="US"/>
    <property name="sun.java.launcher" value="SUN_STANDARD"/>
    <property name="sun.boot.library.path" value="C:\Program Files\Java\jdk1.8.0_91\jre\bin"/>
    <property name="sun.java.command" value="org.codehaus.plexus.classworlds.launcher.Launcher -B clean verify -Dsuite.file=RunAllStories"/>
    <property name="webdriver.driver" value="chrome"/>
    <property name="maven.home" value="C:\Users\dineeshbaabu\eclipse-workspace\weinvest\EMBEDDED"/>
    <property name="surefire.test.class.path" value="C:\Users\dineeshbaabu\eclipse-workspace\weinvest\target\test-classes;C:\Users\dineeshbaabu\eclipse-workspace\weinvest\target\weinvest-0.0.1-SNAPSHOT.jar;C:\Users\dineeshbaabu\.m2\repository\net\serenity-bdd\serenity-core\1.9.10\serenity-core-1.9.10.jar;C:\Users\dineeshbaabu\.m2\repository\com\google\guava\guava\23.6-jre\guava-23.6-jre.jar;C:\Users\dineeshbaabu\.m2\repository\com\google\code\findbugs\jsr305\1.3.9\jsr305-1.3.9.jar;C:\Users\dineeshbaabu\.m2\repository\org\checkerframework\checker-compat-qual\2.0.0\checker-compat-qual-2.0.0.jar;C:\Users\dineeshbaabu\.m2\repository\com\google\errorprone\error_prone_annotations\2.1.3\error_prone_annotations-2.1.3.jar;C:\Users\dineeshbaabu\.m2\repository\com\google\j2objc\j2objc-annotations\1.1\j2objc-annotations-1.1.jar;C:\Users\dineeshbaabu\.m2\repository\org\codehaus\mojo\animal-sniffer-annotations\1.14\animal-sniffer-annotations-1.14.jar;C:\Users\dineeshbaabu\.m2\repository\com\google\inject\guice\4.1.0\guice-4.1.0.jar;C:\Users\dineeshbaabu\.m2\repository\javax\inject\javax.inject\1\javax.inject-1.jar;C:\Users\dineeshbaabu\.m2\repository\aopalliance\aopalliance\1.0\aopalliance-1.0.jar;C:\Users\dineeshbaabu\.m2\repository\cglib\cglib\3.2.5\cglib-3.2.5.jar;C:\Users\dineeshbaabu\.m2\repository\org\apache\ant\ant\1.9.6\ant-1.9.6.jar;C:\Users\dineeshbaabu\.m2\repository\org\apache\ant\ant-launcher\1.9.6\ant-launcher-1.9.6.jar;C:\Users\dineeshbaabu\.m2\repository\org\ow2\asm\asm\5.0.3\asm-5.0.3.jar;C:\Users\dineeshbaabu\.m2\repository\commons-codec\commons-codec\1.10\commons-codec-1.10.jar;C:\Users\dineeshbaabu\.m2\repository\org\objenesis\objenesis\2.6\objenesis-2.6.jar;C:\Users\dineeshbaabu\.m2\repository\org\slf4j\slf4j-api\1.7.21\slf4j-api-1.7.21.jar;C:\Users\dineeshbaabu\.m2\repository\xml-apis\xml-apis\1.4.01\xml-apis-1.4.01.jar;C:\Users\dineeshbaabu\.m2\repository\io\cucumber\cucumber-core\2.3.0\cucumber-core-2.3.0.jar;C:\Users\dineeshbaabu\.m2\repository\info\cukes\cucumber-html\0.2.6\cucumber-html-0.2.6.jar;C:\Users\dineeshbaabu\.m2\repository\io\cucumber\cucumber-jvm-deps\1.0.6\cucumber-jvm-deps-1.0.6.jar;C:\Users\dineeshbaabu\.m2\repository\io\cucumber\gherkin\5.0.0\gherkin-5.0.0.jar;C:\Users\dineeshbaabu\.m2\repository\io\cucumber\tag-expressions\1.1.1\tag-expressions-1.1.1.jar;C:\Users\dineeshbaabu\.m2\repository\commons-logging\commons-logging\1.2\commons-logging-1.2.jar;C:\Users\dineeshbaabu\.m2\repository\org\mockito\mockito-core\1.10.19\mockito-core-1.10.19.jar;C:\Users\dineeshbaabu\.m2\repository\net\bytebuddy\byte-buddy\1.7.9\byte-buddy-1.7.9.jar;C:\Users\dineeshbaabu\.m2\repository\io\vavr\vavr\0.9.0\vavr-0.9.0.jar;C:\Users\dineeshbaabu\.m2\repository\io\vavr\vavr-match\0.9.0\vavr-match-0.9.0.jar;C:\Users\dineeshbaabu\.m2\repository\net\serenity-bdd\serenity-report-resources\1.9.10\serenity-report-resources-1.9.10.jar;C:\Users\dineeshbaabu\.m2\repository\com\google\code\gson\gson\2.8.2\gson-2.8.2.jar;C:\Users\dineeshbaabu\.m2\repository\commons-io\commons-io\2.6\commons-io-2.6.jar;C:\Users\dineeshbaabu\.m2\repository\org\seleniumhq\selenium\selenium-server\3.11.0\selenium-server-3.11.0.jar;C:\Users\dineeshbaabu\.m2\repository\org\seleniumhq\selenium\selenium-firefox-driver\3.11.0\selenium-firefox-driver-3.11.0.jar;C:\Users\dineeshbaabu\.m2\repository\org\seleniumhq\selenium\selenium-ie-driver\3.11.0\selenium-ie-driver-3.11.0.jar;C:\Users\dineeshbaabu\.m2\repository\com\beust\jcommander\1.72\jcommander-1.72.jar;C:\Users\dineeshbaabu\.m2\repository\org\apache\commons\commons-exec\1.3\commons-exec-1.3.jar;C:\Users\dineeshbaabu\.m2\repository\org\apache\commons\commons-text\1.1\commons-text-1.1.jar;C:\Users\dineeshbaabu\.m2\repository\commons-net\commons-net\3.6\commons-net-3.6.jar;C:\Users\dineeshbaabu\.m2\repository\org\w3c\css\sac\1.3\sac-1.3.jar;C:\Users\dineeshbaabu\.m2\repository\net\sourceforge\cssparser\cssparser\0.9.24\cssparser-0.9.24.jar;C:\Users\dineeshbaabu\.m2\repository\net\sourceforge\htmlunit\htmlunit-core-js\2.28\htmlunit-core-js-2.28.jar;C:\Users\dineeshbaabu\.m2\repository\org\apache\httpcomponents\httpcore\4.4.6\httpcore-4.4.6.jar;C:\Users\dineeshbaabu\.m2\repository\net\jcip\jcip-annotations\1.0\jcip-annotations-1.0.jar;C:\Users\dineeshbaabu\.m2\repository\org\seleniumhq\selenium\jetty-repacked\9.4.7.v20171121\jetty-repacked-9.4.7.v20171121.jar;C:\Users\dineeshbaabu\.m2\repository\org\eclipse\jetty\jetty-client\9.4.7.v20170914\jetty-client-9.4.7.v20170914.jar;C:\Users\dineeshbaabu\.m2\repository\org\eclipse\jetty\jetty-http\9.4.8.v20171121\jetty-http-9.4.8.v20171121.jar;C:\Users\dineeshbaabu\.m2\repository\org\eclipse\jetty\jetty-xml\9.4.7.v20170914\jetty-xml-9.4.7.v20170914.jar;C:\Users\dineeshbaabu\.m2\repository\com\squareup\okhttp3\okhttp\3.9.1\okhttp-3.9.1.jar;C:\Users\dineeshbaabu\.m2\repository\com\squareup\okio\okio\1.13.0\okio-1.13.0.jar;C:\Users\dineeshbaabu\.m2\repository\javax\servlet\javax.servlet-api\3.1.0\javax.servlet-api-3.1.0.jar;C:\Users\dineeshbaabu\.m2\repository\org\eclipse\jetty\websocket\websocket-api\9.4.7.v20170914\websocket-api-9.4.7.v20170914.jar;C:\Users\dineeshbaabu\.m2\repository\org\eclipse\jetty\websocket\websocket-client\9.4.7.v20170914\websocket-client-9.4.7.v20170914.jar;C:\Users\dineeshbaabu\.m2\repository\org\eclipse\jetty\websocket\websocket-common\9.4.7.v20170914\websocket-common-9.4.7.v20170914.jar;C:\Users\dineeshbaabu\.m2\repository\xerces\xercesImpl\2.11.0\xercesImpl-2.11.0.jar;C:\Users\dineeshbaabu\.m2\repository\org\yaml\snakeyaml\1.19\snakeyaml-1.19.jar;C:\Users\dineeshbaabu\.m2\repository\org\seleniumhq\selenium\selenium-java\3.11.0\selenium-java-3.11.0.jar;C:\Users\dineeshbaabu\.m2\repository\org\seleniumhq\selenium\selenium-api\3.11.0\selenium-api-3.11.0.jar;C:\Users\dineeshbaabu\.m2\repository\org\seleniumhq\selenium\selenium-chrome-driver\3.11.0\selenium-chrome-driver-3.11.0.jar;C:\Users\dineeshbaabu\.m2\repository\org\seleniumhq\selenium\selenium-edge-driver\3.11.0\selenium-edge-driver-3.11.0.jar;C:\Users\dineeshbaabu\.m2\repository\org\seleniumhq\selenium\selenium-remote-driver\3.11.0\selenium-remote-driver-3.11.0.jar;C:\Users\dineeshbaabu\.m2\repository\org\seleniumhq\selenium\selenium-safari-driver\3.11.0\selenium-safari-driver-3.11.0.jar;C:\Users\dineeshbaabu\.m2\repository\org\seleniumhq\selenium\selenium-opera-driver\3.11.0\selenium-opera-driver-3.11.0.jar;C:\Users\dineeshbaabu\.m2\repository\org\seleniumhq\selenium\selenium-support\3.11.0\selenium-support-3.11.0.jar;C:\Users\dineeshbaabu\.m2\repository\com\paulhammant\ngwebdriver\1.0\ngwebdriver-1.0.jar;C:\Users\dineeshbaabu\.m2\repository\com\codeborne\phantomjsdriver\1.4.4\phantomjsdriver-1.4.4.jar;C:\Users\dineeshbaabu\.m2\repository\org\eclipse\jetty\jetty-util\9.4.8.v20171121\jetty-util-9.4.8.v20171121.jar;C:\Users\dineeshbaabu\.m2\repository\org\eclipse\jetty\jetty-io\9.4.8.v20171121\jetty-io-9.4.8.v20171121.jar;C:\Users\dineeshbaabu\.m2\repository\org\seleniumhq\selenium\htmlunit-driver\2.30.0\htmlunit-driver-2.30.0.jar;C:\Users\dineeshbaabu\.m2\repository\net\sourceforge\htmlunit\htmlunit\2.30\htmlunit-2.30.jar;C:\Users\dineeshbaabu\.m2\repository\net\sourceforge\htmlunit\neko-htmlunit\2.30\neko-htmlunit-2.30.jar;C:\Users\dineeshbaabu\.m2\repository\net\sourceforge\htmlunit\htmlunit-cssparser\1.0.0\htmlunit-cssparser-1.0.0.jar;C:\Users\dineeshbaabu\.m2\repository\io\appium\java-client\6.0.0-BETA5\java-client-6.0.0-BETA5.jar;C:\Users\dineeshbaabu\.m2\repository\commons-validator\commons-validator\1.6\commons-validator-1.6.jar;C:\Users\dineeshbaabu\.m2\repository\commons-beanutils\commons-beanutils\1.9.2\commons-beanutils-1.9.2.jar;C:\Users\dineeshbaabu\.m2\repository\commons-digester\commons-digester\1.8.1\commons-digester-1.8.1.jar;C:\Users\dineeshbaabu\.m2\repository\org\springframework\spring-context\5.0.3.RELEASE\spring-context-5.0.3.RELEASE.jar;C:\Users\dineeshbaabu\.m2\repository\org\springframework\spring-aop\5.0.3.RELEASE\spring-aop-5.0.3.RELEASE.jar;C:\Users\dineeshbaabu\.m2\repository\org\springframework\spring-beans\5.0.3.RELEASE\spring-beans-5.0.3.RELEASE.jar;C:\Users\dineeshbaabu\.m2\repository\org\springframework\spring-core\5.0.3.RELEASE\spring-core-5.0.3.RELEASE.jar;C:\Users\dineeshbaabu\.m2\repository\org\springframework\spring-jcl\5.0.3.RELEASE\spring-jcl-5.0.3.RELEASE.jar;C:\Users\dineeshbaabu\.m2\repository\org\springframework\spring-expression\5.0.3.RELEASE\spring-expression-5.0.3.RELEASE.jar;C:\Users\dineeshbaabu\.m2\repository\org\aspectj\aspectjweaver\1.8.13\aspectjweaver-1.8.13.jar;C:\Users\dineeshbaabu\.m2\repository\org\openpnp\opencv\3.2.0-1\opencv-3.2.0-1.jar;C:\Users\dineeshbaabu\.m2\repository\javax\websocket\javax.websocket-api\1.1\javax.websocket-api-1.1.jar;C:\Users\dineeshbaabu\.m2\repository\org\glassfish\tyrus\tyrus-client\1.1\tyrus-client-1.1.jar;C:\Users\dineeshbaabu\.m2\repository\org\glassfish\tyrus\tyrus-core\1.1\tyrus-core-1.1.jar;C:\Users\dineeshbaabu\.m2\repository\org\glassfish\tyrus\tyrus-spi\1.1\tyrus-spi-1.1.jar;C:\Users\dineeshbaabu\.m2\repository\org\glassfish\tyrus\tyrus-websocket-core\1.1\tyrus-websocket-core-1.1.jar;C:\Users\dineeshbaabu\.m2\repository\org\glassfish\tyrus\tyrus-container-grizzly\1.1\tyrus-container-grizzly-1.1.jar;C:\Users\dineeshbaabu\.m2\repository\org\glassfish\grizzly\grizzly-framework\2.3.3\grizzly-framework-2.3.3.jar;C:\Users\dineeshbaabu\.m2\repository\org\glassfish\grizzly\grizzly-http-server\2.3.3\grizzly-http-server-2.3.3.jar;C:\Users\dineeshbaabu\.m2\repository\org\glassfish\grizzly\grizzly-http\2.3.3\grizzly-http-2.3.3.jar;C:\Users\dineeshbaabu\.m2\repository\org\glassfish\grizzly\grizzly-rcm\2.3.3\grizzly-rcm-2.3.3.jar;C:\Users\dineeshbaabu\.m2\repository\org\codehaus\groovy\groovy\2.4.12\groovy-2.4.12.jar;C:\Users\dineeshbaabu\.m2\repository\net\sf\opencsv\opencsv\2.0\opencsv-2.0.jar;C:\Users\dineeshbaabu\.m2\repository\commons-beanutils\commons-beanutils-core\1.8.3\commons-beanutils-core-1.8.3.jar;C:\Users\dineeshbaabu\.m2\repository\joda-time\joda-time\2.7\joda-time-2.7.jar;C:\Users\dineeshbaabu\.m2\repository\com\thoughtworks\xstream\xstream\1.4.9\xstream-1.4.9.jar;C:\Users\dineeshbaabu\.m2\repository\xmlpull\xmlpull\1.1.3.1\xmlpull-1.1.3.1.jar;C:\Users\dineeshbaabu\.m2\repository\xpp3\xpp3_min\1.1.4c\xpp3_min-1.1.4c.jar;C:\Users\dineeshbaabu\.m2\repository\org\apache\commons\commons-lang3\3.7\commons-lang3-3.7.jar;C:\Users\dineeshbaabu\.m2\repository\commons-collections\commons-collections\3.2.2\commons-collections-3.2.2.jar;C:\Users\dineeshbaabu\.m2\repository\org\freemarker\freemarker\2.3.23\freemarker-2.3.23.jar;C:\Users\dineeshbaabu\.m2\repository\net\sourceforge\jexcelapi\jxl\2.6.12\jxl-2.6.12.jar;C:\Users\dineeshbaabu\.m2\repository\org\hamcrest\hamcrest-core\1.3\hamcrest-core-1.3.jar;C:\Users\dineeshbaabu\.m2\repository\org\hamcrest\hamcrest-library\1.3\hamcrest-library-1.3.jar;C:\Users\dineeshbaabu\.m2\repository\org\apache\httpcomponents\httpclient\4.5.5\httpclient-4.5.5.jar;C:\Users\dineeshbaabu\.m2\repository\org\apache\httpcomponents\httpmime\4.5.5\httpmime-4.5.5.jar;C:\Users\dineeshbaabu\.m2\repository\org\fluentlenium\fluentlenium-core\0.10.2\fluentlenium-core-0.10.2.jar;C:\Users\dineeshbaabu\.m2\repository\com\jhlabs\filters\2.0.235\filters-2.0.235.jar;C:\Users\dineeshbaabu\.m2\repository\org\asciidoctor\asciidoctorj\1.5.5\asciidoctorj-1.5.5.jar;C:\Users\dineeshbaabu\.m2\repository\org\jruby\jruby-complete\1.7.26\jruby-complete-1.7.26.jar;C:\Users\dineeshbaabu\.m2\repository\org\imgscalr\imgscalr-lib\4.2\imgscalr-lib-4.2.jar;C:\Users\dineeshbaabu\.m2\repository\javax\validation\validation-api\1.1.0.Final\validation-api-1.1.0.Final.jar;C:\Users\dineeshbaabu\.m2\repository\org\hibernate\hibernate-validator\5.1.1.Final\hibernate-validator-5.1.1.Final.jar;C:\Users\dineeshbaabu\.m2\repository\org\jboss\logging\jboss-logging\3.1.3.GA\jboss-logging-3.1.3.GA.jar;C:\Users\dineeshbaabu\.m2\repository\com\fasterxml\classmate\1.0.0\classmate-1.0.0.jar;C:\Users\dineeshbaabu\.m2\repository\javax\el\javax.el-api\2.2.4\javax.el-api-2.2.4.jar;C:\Users\dineeshbaabu\.m2\repository\org\glassfish\web\javax.el\2.2.4\javax.el-2.2.4.jar;C:\Users\dineeshbaabu\.m2\repository\xalan\xalan\2.7.2\xalan-2.7.2.jar;C:\Users\dineeshbaabu\.m2\repository\xalan\serializer\2.7.2\serializer-2.7.2.jar;C:\Users\dineeshbaabu\.m2\repository\org\awaitility\awaitility\3.1.0\awaitility-3.1.0.jar;C:\Users\dineeshbaabu\.m2\repository\com\typesafe\config\1.3.1\config-1.3.1.jar;C:\Users\dineeshbaabu\.m2\repository\org\jsoup\jsoup\1.10.3\jsoup-1.10.3.jar;C:\Users\dineeshbaabu\.m2\repository\com\google\jimfs\jimfs\1.1\jimfs-1.1.jar;C:\Users\dineeshbaabu\.m2\repository\es\nitaur\markdown\txtmark\0.16\txtmark-0.16.jar;C:\Users\dineeshbaabu\.m2\repository\com\vladsch\flexmark\flexmark-all\0.26.4\flexmark-all-0.26.4.jar;C:\Users\dineeshbaabu\.m2\repository\com\vladsch\flexmark\flexmark\0.26.4\flexmark-0.26.4.jar;C:\Users\dineeshbaabu\.m2\repository\com\vladsch\flexmark\flexmark-ext-abbreviation\0.26.4\flexmark-ext-abbreviation-0.26.4.jar;C:\Users\dineeshbaabu\.m2\repository\com\vladsch\flexmark\flexmark-ext-anchorlink\0.26.4\flexmark-ext-anchorlink-0.26.4.jar;C:\Users\dineeshbaabu\.m2\repository\com\vladsch\flexmark\flexmark-ext-aside\0.26.4\flexmark-ext-aside-0.26.4.jar;C:\Users\dineeshbaabu\.m2\repository\com\vladsch\flexmark\flexmark-ext-autolink\0.26.4\flexmark-ext-autolink-0.26.4.jar;C:\Users\dineeshbaabu\.m2\repository\org\nibor\autolink\autolink\0.6.0\autolink-0.6.0.jar;C:\Users\dineeshbaabu\.m2\repository\com\vladsch\flexmark\flexmark-ext-definition\0.26.4\flexmark-ext-definition-0.26.4.jar;C:\Users\dineeshbaabu\.m2\repository\com\vladsch\flexmark\flexmark-ext-emoji\0.26.4\flexmark-ext-emoji-0.26.4.jar;C:\Users\dineeshbaabu\.m2\repository\com\vladsch\flexmark\flexmark-ext-escaped-character\0.26.4\flexmark-ext-escaped-character-0.26.4.jar;C:\Users\dineeshbaabu\.m2\repository\com\vladsch\flexmark\flexmark-ext-footnotes\0.26.4\flexmark-ext-footnotes-0.26.4.jar;C:\Users\dineeshbaabu\.m2\repository\com\vladsch\flexmark\flexmark-ext-gfm-issues\0.26.4\flexmark-ext-gfm-issues-0.26.4.jar;C:\Users\dineeshbaabu\.m2\repository\com\vladsch\flexmark\flexmark-ext-gfm-strikethrough\0.26.4\flexmark-ext-gfm-strikethrough-0.26.4.jar;C:\Users\dineeshbaabu\.m2\repository\com\vladsch\flexmark\flexmark-ext-gfm-tables\0.26.4\flexmark-ext-gfm-tables-0.26.4.jar;C:\Users\dineeshbaabu\.m2\repository\com\vladsch\flexmark\flexmark-ext-gfm-tasklist\0.26.4\flexmark-ext-gfm-tasklist-0.26.4.jar;C:\Users\dineeshbaabu\.m2\repository\com\vladsch\flexmark\flexmark-ext-gfm-users\0.26.4\flexmark-ext-gfm-users-0.26.4.jar;C:\Users\dineeshbaabu\.m2\repository\com\vladsch\flexmark\flexmark-ext-jekyll-front-matter\0.26.4\flexmark-ext-jekyll-front-matter-0.26.4.jar;C:\Users\dineeshbaabu\.m2\repository\com\vladsch\flexmark\flexmark-ext-jekyll-tag\0.26.4\flexmark-ext-jekyll-tag-0.26.4.jar;C:\Users\dineeshbaabu\.m2\repository\com\vladsch\flexmark\flexmark-ext-ins\0.26.4\flexmark-ext-ins-0.26.4.jar;C:\Users\dineeshbaabu\.m2\repository\com\vladsch\flexmark\flexmark-ext-xwiki-macros\0.26.4\flexmark-ext-xwiki-macros-0.26.4.jar;C:\Users\dineeshbaabu\.m2\repository\com\vladsch\flexmark\flexmark-ext-superscript\0.26.4\flexmark-ext-superscript-0.26.4.jar;C:\Users\dineeshbaabu\.m2\repository\com\vladsch\flexmark\flexmark-ext-tables\0.26.4\flexmark-ext-tables-0.26.4.jar;C:\Users\dineeshbaabu\.m2\repository\com\vladsch\flexmark\flexmark-ext-toc\0.26.4\flexmark-ext-toc-0.26.4.jar;C:\Users\dineeshbaabu\.m2\repository\com\vladsch\flexmark\flexmark-ext-typographic\0.26.4\flexmark-ext-typographic-0.26.4.jar;C:\Users\dineeshbaabu\.m2\repository\com\vladsch\flexmark\flexmark-ext-wikilink\0.26.4\flexmark-ext-wikilink-0.26.4.jar;C:\Users\dineeshbaabu\.m2\repository\com\vladsch\flexmark\flexmark-ext-yaml-front-matter\0.26.4\flexmark-ext-yaml-front-matter-0.26.4.jar;C:\Users\dineeshbaabu\.m2\repository\com\vladsch\flexmark\flexmark-formatter\0.26.4\flexmark-formatter-0.26.4.jar;C:\Users\dineeshbaabu\.m2\repository\com\vladsch\flexmark\flexmark-html-parser\0.26.4\flexmark-html-parser-0.26.4.jar;C:\Users\dineeshbaabu\.m2\repository\com\vladsch\flexmark\flexmark-jira-converter\0.26.4\flexmark-jira-converter-0.26.4.jar;C:\Users\dineeshbaabu\.m2\repository\com\vladsch\flexmark\flexmark-pdf-converter\0.26.4\flexmark-pdf-converter-0.26.4.jar;C:\Users\dineeshbaabu\.m2\repository\com\openhtmltopdf\openhtmltopdf-core\0.0.1-RC9\openhtmltopdf-core-0.0.1-RC9.jar;C:\Users\dineeshbaabu\.m2\repository\com\openhtmltopdf\openhtmltopdf-pdfbox\0.0.1-RC9\openhtmltopdf-pdfbox-0.0.1-RC9.jar;C:\Users\dineeshbaabu\.m2\repository\org\apache\pdfbox\pdfbox\2.0.4\pdfbox-2.0.4.jar;C:\Users\dineeshbaabu\.m2\repository\org\apache\pdfbox\fontbox\2.0.4\fontbox-2.0.4.jar;C:\Users\dineeshbaabu\.m2\repository\com\openhtmltopdf\openhtmltopdf-rtl-support\0.0.1-RC9\openhtmltopdf-rtl-support-0.0.1-RC9.jar;C:\Users\dineeshbaabu\.m2\repository\com\ibm\icu\icu4j\58.1\icu4j-58.1.jar;C:\Users\dineeshbaabu\.m2\repository\com\openhtmltopdf\openhtmltopdf-jsoup-dom-converter\0.0.1-RC9\openhtmltopdf-jsoup-dom-converter-0.0.1-RC9.jar;C:\Users\dineeshbaabu\.m2\repository\com\vladsch\flexmark\flexmark-profile-pegdown\0.26.4\flexmark-profile-pegdown-0.26.4.jar;C:\Users\dineeshbaabu\.m2\repository\com\vladsch\flexmark\flexmark-util\0.26.4\flexmark-util-0.26.4.jar;C:\Users\dineeshbaabu\.m2\repository\com\vladsch\flexmark\flexmark-youtrack-converter\0.26.4\flexmark-youtrack-converter-0.26.4.jar;C:\Users\dineeshbaabu\.m2\repository\net\serenity-bdd\maven\plugins\serenity-maven-plugin\1.9.9\serenity-maven-plugin-1.9.9.jar;C:\Users\dineeshbaabu\.m2\repository\org\apache\maven\maven-core\3.5.0\maven-core-3.5.0.jar;C:\Users\dineeshbaabu\.m2\repository\org\apache\maven\maven-model\3.5.0\maven-model-3.5.0.jar;C:\Users\dineeshbaabu\.m2\repository\org\apache\maven\maven-settings\3.5.0\maven-settings-3.5.0.jar;C:\Users\dineeshbaabu\.m2\repository\org\apache\maven\maven-settings-builder\3.5.0\maven-settings-builder-3.5.0.jar;C:\Users\dineeshbaabu\.m2\repository\org\apache\maven\maven-builder-support\3.5.0\maven-builder-support-3.5.0.jar;C:\Users\dineeshbaabu\.m2\repository\org\apache\maven\maven-repository-metadata\3.5.0\maven-repository-metadata-3.5.0.jar;C:\Users\dineeshbaabu\.m2\repository\org\apache\maven\maven-artifact\3.5.0\maven-artifact-3.5.0.jar;C:\Users\dineeshbaabu\.m2\repository\org\apache\maven\maven-model-builder\3.5.0\maven-model-builder-3.5.0.jar;C:\Users\dineeshbaabu\.m2\repository\org\apache\maven\maven-resolver-provider\3.5.0\maven-resolver-provider-3.5.0.jar;C:\Users\dineeshbaabu\.m2\repository\org\apache\maven\resolver\maven-resolver-impl\1.0.3\maven-resolver-impl-1.0.3.jar;C:\Users\dineeshbaabu\.m2\repository\org\apache\maven\resolver\maven-resolver-api\1.0.3\maven-resolver-api-1.0.3.jar;C:\Users\dineeshbaabu\.m2\repository\org\apache\maven\resolver\maven-resolver-spi\1.0.3\maven-resolver-spi-1.0.3.jar;C:\Users\dineeshbaabu\.m2\repository\org\apache\maven\resolver\maven-resolver-util\1.0.3\maven-resolver-util-1.0.3.jar;C:\Users\dineeshbaabu\.m2\repository\org\apache\maven\shared\maven-shared-utils\3.1.0\maven-shared-utils-3.1.0.jar;C:\Users\dineeshbaabu\.m2\repository\org\eclipse\sisu\org.eclipse.sisu.plexus\0.3.3\org.eclipse.sisu.plexus-0.3.3.jar;C:\Users\dineeshbaabu\.m2\repository\javax\enterprise\cdi-api\1.0\cdi-api-1.0.jar;C:\Users\dineeshbaabu\.m2\repository\javax\annotation\jsr250-api\1.0\jsr250-api-1.0.jar;C:\Users\dineeshbaabu\.m2\repository\org\eclipse\sisu\org.eclipse.sisu.inject\0.3.3\org.eclipse.sisu.inject-0.3.3.jar;C:\Users\dineeshbaabu\.m2\repository\org\codehaus\plexus\plexus-interpolation\1.24\plexus-interpolation-1.24.jar;C:\Users\dineeshbaabu\.m2\repository\org\codehaus\plexus\plexus-utils\3.0.24\plexus-utils-3.0.24.jar;C:\Users\dineeshbaabu\.m2\repository\org\codehaus\plexus\plexus-classworlds\2.5.2\plexus-classworlds-2.5.2.jar;C:\Users\dineeshbaabu\.m2\repository\org\codehaus\plexus\plexus-component-annotations\1.7.1\plexus-component-annotations-1.7.1.jar;C:\Users\dineeshbaabu\.m2\repository\org\sonatype\plexus\plexus-sec-dispatcher\1.4\plexus-sec-dispatcher-1.4.jar;C:\Users\dineeshbaabu\.m2\repository\org\sonatype\plexus\plexus-cipher\1.4\plexus-cipher-1.4.jar;C:\Users\dineeshbaabu\.m2\repository\org\apache\maven\maven-plugin-api\3.5.0\maven-plugin-api-3.5.0.jar;C:\Users\dineeshbaabu\.m2\repository\org\apache\maven\reporting\maven-reporting-api\3.0\maven-reporting-api-3.0.jar;C:\Users\dineeshbaabu\.m2\repository\org\apache\maven\doxia\doxia-sink-api\1.0\doxia-sink-api-1.0.jar;C:\Users\dineeshbaabu\.m2\repository\org\apache\maven\plugin-tools\maven-plugin-annotations\3.5\maven-plugin-annotations-3.5.jar;C:\Users\dineeshbaabu\.m2\repository\net\serenity-bdd\serenity-junit\1.9.10\serenity-junit-1.9.10.jar;C:\Users\dineeshbaabu\.m2\repository\net\serenity-bdd\serenity-screenplay\1.9.10\serenity-screenplay-1.9.10.jar;C:\Users\dineeshbaabu\.m2\repository\net\serenity-bdd\serenity-screenplay-webdriver\1.9.10\serenity-screenplay-webdriver-1.9.10.jar;C:\Users\dineeshbaabu\.m2\repository\net\serenity-bdd\serenity-jbehave\1.39.0\serenity-jbehave-1.39.0.jar;C:\Users\dineeshbaabu\.m2\repository\com\thoughtworks\paranamer\paranamer\2.8\paranamer-2.8.jar;C:\Users\dineeshbaabu\.m2\repository\org\jbehave\jbehave-core\4.3\jbehave-core-4.3.jar;C:\Users\dineeshbaabu\.m2\repository\org\hamcrest\hamcrest-integration\1.3\hamcrest-integration-1.3.jar;C:\Users\dineeshbaabu\.m2\repository\org\apache\commons\commons-collections4\4.1\commons-collections4-4.1.jar;C:\Users\dineeshbaabu\.m2\repository\org\reflections\reflections\0.9.11\reflections-0.9.11.jar;C:\Users\dineeshbaabu\.m2\repository\org\javassist\javassist\3.21.0-GA\javassist-3.21.0-GA.jar;C:\Users\dineeshbaabu\.m2\repository\org\codehaus\groovy\groovy-all\2.4.13\groovy-all-2.4.13.jar;C:\Users\dineeshbaabu\.m2\repository\org\slf4j\slf4j-simple\1.7.25\slf4j-simple-1.7.25.jar;C:\Users\dineeshbaabu\.m2\repository\junit\junit\4.12\junit-4.12.jar;C:\Users\dineeshbaabu\.m2\repository\org\assertj\assertj-core\3.9.1\assertj-core-3.9.1.jar;C:\Users\dineeshbaabu\.m2\repository\org\hamcrest\hamcrest-all\1.3\hamcrest-all-1.3.jar;C:\Users\dineeshbaabu\.m2\repository\org\apache\maven\plugins\maven-surefire-plugin\2.21.0\maven-surefire-plugin-2.21.0.jar;C:\Users\dineeshbaabu\.m2\repository\org\apache\maven\surefire\maven-surefire-common\2.21.0\maven-surefire-common-2.21.0.jar;C:\Users\dineeshbaabu\.m2\repository\org\apache\maven\maven-plugin-descriptor\2.2.1\maven-plugin-descriptor-2.2.1.jar;C:\Users\dineeshbaabu\.m2\repository\org\codehaus\plexus\plexus-container-default\1.0-alpha-9-stable-1\plexus-container-default-1.0-alpha-9-stable-1.jar;C:\Users\dineeshbaabu\.m2\repository\classworlds\classworlds\1.1-alpha-2\classworlds-1.1-alpha-2.jar;C:\Users\dineeshbaabu\.m2\repository\org\apache\maven\maven-project\2.2.1\maven-project-2.2.1.jar;C:\Users\dineeshbaabu\.m2\repository\org\apache\maven\maven-profile\2.2.1\maven-profile-2.2.1.jar;C:\Users\dineeshbaabu\.m2\repository\org\apache\maven\maven-artifact-manager\2.2.1\maven-artifact-manager-2.2.1.jar;C:\Users\dineeshbaabu\.m2\repository\org\apache\maven\wagon\wagon-provider-api\1.0-beta-6\wagon-provider-api-1.0-beta-6.jar;C:\Users\dineeshbaabu\.m2\repository\backport-util-concurrent\backport-util-concurrent\3.1\backport-util-concurrent-3.1.jar;C:\Users\dineeshbaabu\.m2\repository\org\apache\maven\maven-plugin-registry\2.2.1\maven-plugin-registry-2.2.1.jar;C:\Users\dineeshbaabu\.m2\repository\org\apache\maven\maven-toolchain\2.2.1\maven-toolchain-2.2.1.jar;C:\Users\dineeshbaabu\.m2\repository\org\codehaus\plexus\plexus-java\0.9.3\plexus-java-0.9.3.jar;C:\Users\dineeshbaabu\.m2\repository\com\thoughtworks\qdox\qdox\2.0-M7\qdox-2.0-M7.jar;C:\Users\dineeshbaabu\.m2\repository\org\apache\maven\surefire\surefire-booter\2.21.0\surefire-booter-2.21.0.jar;C:\Users\dineeshbaabu\.m2\repository\org\apache\maven\surefire\surefire-api\2.21.0\surefire-api-2.21.0.jar;C:\Users\dineeshbaabu\.m2\repository\org\apache\maven\surefire\surefire-logger-api\2.21.0\surefire-logger-api-2.21.0.jar;C:\Users\dineeshbaabu\.m2\repository\com\github\valfirst\jbehave-junit-runner\2.1.3\jbehave-junit-runner-2.1.3.jar;"/>
    <property name="sun.cpu.endian" value="little"/>
    <property name="user.home" value="C:\Users\dineeshbaabu"/>
    <property name="user.language" value="en"/>
    <property name="java.specification.vendor" value="Oracle Corporation"/>
    <property name="java.home" value="C:\Program Files\Java\jdk1.8.0_91\jre"/>
    <property name="basedir" value="C:\Users\dineeshbaabu\eclipse-workspace\weinvest"/>
    <property name="file.separator" value="\"/>
    <property name="line.separator" value="&#10;"/>
    <property name="java.vm.specification.vendor" value="Oracle Corporation"/>
    <property name="java.specification.name" value="Java Platform API Specification"/>
    <property name="suite.file" value="RunAllStories"/>
    <property name="java.awt.graphicsenv" value="sun.awt.Win32GraphicsEnvironment"/>
    <property name="sun.boot.class.path" value="C:\Program Files\Java\jdk1.8.0_91\jre\lib\resources.jar;C:\Program Files\Java\jdk1.8.0_91\jre\lib\rt.jar;C:\Program Files\Java\jdk1.8.0_91\jre\lib\sunrsasign.jar;C:\Program Files\Java\jdk1.8.0_91\jre\lib\jsse.jar;C:\Program Files\Java\jdk1.8.0_91\jre\lib\jce.jar;C:\Program Files\Java\jdk1.8.0_91\jre\lib\charsets.jar;C:\Program Files\Java\jdk1.8.0_91\jre\lib\jfr.jar;C:\Program Files\Java\jdk1.8.0_91\jre\classes"/>
    <property name="user.script" value=""/>
    <property name="sun.management.compiler" value="HotSpot 64-Bit Tiered Compilers"/>
    <property name="java.runtime.version" value="1.8.0_91-b14"/>
    <property name="user.name" value="dineeshbaabu"/>
    <property name="path.separator" value=";"/>
    <property name="os.version" value="10.0"/>
    <property name="java.endorsed.dirs" value="C:\Program Files\Java\jdk1.8.0_91\jre\lib\endorsed"/>
    <property name="java.runtime.name" value="Java(TM) SE Runtime Environment"/>
    <property name="file.encoding" value="Cp1252"/>
    <property name="guice.disable.misplaced.annotation.check" value="true"/>
    <property name="java.vm.name" value="Java HotSpot(TM) 64-Bit Server VM"/>
    <property name="localRepository" value="C:\Users\dineeshbaabu\.m2\repository"/>
    <property name="java.vendor.url.bug" value="http://bugreport.sun.com/bugreport/"/>
    <property name="java.io.tmpdir" value="C:\Users\DINEES~1\AppData\Local\Temp\"/>
    <property name="java.version" value="1.8.0_91"/>
    <property name="user.dir" value="C:\Users\dineeshbaabu\eclipse-workspace\weinvest"/>
    <property name="os.arch" value="amd64"/>
    <property name="maven.multiModuleProjectDirectory" value="C:\Users\dineeshbaabu\eclipse-workspace\weinvest"/>
    <property name="java.vm.specification.name" value="Java Virtual Machine Specification"/>
    <property name="java.awt.printerjob" value="sun.awt.windows.WPrinterJob"/>
    <property name="sun.os.patch.level" value=""/>
    <property name="java.library.path" value="C:\Program Files\Java\jdk1.8.0_91\bin;C:\WINDOWS\Sun\Java\bin;C:\WINDOWS\system32;C:\WINDOWS;C:/Program Files/Java/jre1.8.0_91/bin/server;C:/Program Files/Java/jre1.8.0_91/bin;C:/Program Files/Java/jre1.8.0_91/lib/amd64;C:\Program Files (x86)\Python35-32\Scripts\;C:\Program Files (x86)\Python35-32\;C:\Program Files (x86)\Intel\iCLS Client\;C:\Program Files\Intel\iCLS Client\;C:\WINDOWS\system32;C:\WINDOWS;C:\WINDOWS\System32\Wbem;C:\WINDOWS\System32\WindowsPowerShell\v1.0\;C:\Program Files\Intel\Intel(R) Management Engine Components\DAL;C:\Program Files (x86)\Intel\Intel(R) Management Engine Components\DAL;C:\Program Files\Intel\Intel(R) Management Engine Components\IPT;C:\Program Files (x86)\Intel\Intel(R) Management Engine Components\IPT;C:\ProgramData\Oracle\Java\javapath;C:\Program Files\Java\jdk1.8.0_91\bin;C:\Program Files\Microsoft SQL Server\130\Tools\Binn\;C:\Program Files\Git\cmd;C:\Program Files\doxygen\bin;C:\Program Files (x86)\Android\android-sdk\platform-tools;C:\Program Files\PostgreSQL\pg96\bin;C:\Program Files (x86)\Windo;C:\Dineesh\LoadTesting\apache-ant-1.10.0\bin;C:\Program Files (x86)\Skype\Phone\;C:\Users\dineeshbaabu\git\QA_Automation\KeyWordFramework\src\main\resources;C:\Program Files\Intel\WiFi\bin;C:\apache-maven-3.5.2\bin;;C:\Program Files\Taurus\bin;C:\Program Files\nodejs\;C:\Program Files\PuTTY\;C:\WINDOWS\system32;C:\WINDOWS;C:\WINDOWS\System32\Wbem;C:\WINDOWS\System32\WindowsPowerShell\v1.0\;C:\WINDOWS\System32\OpenSSH\;C:\Users\dineeshbaabu\AppData\Local\Programs\Python\Python37-32\Scripts\;C:\Users\dineeshbaabu\AppData\Local\Programs\Python\Python37-32\;C:\Users\dineeshbaabu\AppData\Local\Microsoft\WindowsApps;C:\Users\dineeshbaabu\AppData\Roaming\npm;;C:\Users\dineeshbaabu\Desktop;;."/>
    <property name="java.vm.info" value="mixed mode"/>
    <property name="java.vendor" value="Oracle Corporation"/>
    <property name="java.vm.version" value="25.91-b14"/>
    <property name="classworlds.conf" value="C:\Users\dineeshbaabu\eclipse-workspace\.metadata\.plugins\org.eclipse.m2e.launching\launches\m2conf8221561138776617974.tmp"/>
    <property name="java.ext.dirs" value="C:\Program Files\Java\jdk1.8.0_91\jre\lib\ext;C:\WINDOWS\Sun\Java\lib\ext"/>
    <property name="sun.io.unicode.encoding" value="UnicodeLittle"/>
    <property name="java.class.version" value="52.0"/>
  </properties>
  <testcase name="BeforeStories" classname="java.lang.Object" time="0.072"/>
  <testcase name="BeforeStories" classname="java.lang.Object" time="0"/>
  <testcase name="Given User launch the application" classname="weinvest.stepdefinitions.InvestSteps" time="7.061"/>
  <testcase name="Given User launch the application" classname="weinvest.stepdefinitions.InvestSteps" time="5.668"/>
  <testcase name="Then Verify whether user can see the login button in the screen" classname="weinvest.stepdefinitions.InvestSteps" time="0.399"/>
  <testcase name="Then Verify whether user can see the login button in the screen" classname="weinvest.stepdefinitions.InvestSteps" time="0.388"/>
  <testcase name="Scenario: Verify the sucessfull page load of weinvest model portfolio․" classname="Scenario: Verify the sucessfull page load of weinvest model portfolio․" time="0.399"/>
  <testcase name="Then User clicks on Explore Investment Ideas button under All Weather Strategy section․" classname="weinvest.stepdefinitions.InvestSteps" time="0.929"/>
  <testcase name="Then User clicks on Explore Investment Ideas button under All Weather Strategy section․" classname="weinvest.stepdefinitions.InvestSteps" time="1.098"/>
  <testcase name="When Clicking Explore Investment Ideas button user should see the Customize Portfolio button in the next screen․" classname="weinvest.stepdefinitions.InvestSteps" time="1.236"/>
  <testcase name="When Clicking Explore Investment Ideas button user should see the Customize Portfolio button in the next screen․" classname="weinvest.stepdefinitions.InvestSteps" time="1.272"/>
  <testcase name="Scenario: Verify the successfull navigation of weather portfolio․" classname="Scenario: Verify the successfull navigation of weather portfolio․" time="1.238"/>
  <testcase name="Then User clicks on the Customize Portfolio button․" classname="weinvest.stepdefinitions.InvestSteps" time="2.516"/>
  <testcase name="Then User clicks on the Customize Portfolio button․" classname="weinvest.stepdefinitions.InvestSteps" time="3.203"/>
  <testcase name="Then Verify user can see the Customise button․" classname="weinvest.stepdefinitions.InvestSteps" time="0.262"/>
  <testcase name="Then Verify user can see the Customise button․" classname="weinvest.stepdefinitions.InvestSteps" time="0.23"/>
  <testcase name="Then Verify user can see the SPDR S&amp;P 500 ETF TRUST SPY US EQUITY text under US Equities section․" classname="weinvest.stepdefinitions.InvestSteps" time="0.277"/>
  <testcase name="Then Verify user can not slide the slidebar of  SPDR S&amp;P 500 ETF TRUST SPY US EQUITY" classname="weinvest.stepdefinitions.InvestSteps" time="0.283"/>
  <testcase name="Then Click the Customise button․" classname="weinvest.stepdefinitions.InvestSteps" time="1.249"/>
  <testcase name="Then Click the Customise button․" classname="weinvest.stepdefinitions.InvestSteps" time="1.393"/>
  <testcase name="Then Verify whether the Customise button text changed as Reset" classname="weinvest.stepdefinitions.InvestSteps" time="0.331"/>
  <testcase name="Then Verify whether the Customise button text changed as Reset" classname="weinvest.stepdefinitions.InvestSteps" time="0.378"/>
  <testcase name="Then Verify user can slide the slidebar of  SPDR S&amp;P 500 ETF TRUST SPY US EQUITY to 50 percentage" classname="weinvest.stepdefinitions.InvestSteps" time="3.7"/>
  <testcase name="Then Click Rebalance button․" classname="weinvest.stepdefinitions.InvestSteps" time="1.867"/>
  <testcase name="Scenario: Verify the successfull navigation of Explore Portfolio section and can customize the portfolio․" classname="Scenario: Verify the successfull navigation of Explore Portfolio section and can customize the portfolio․" time="1.868"/>
  <testcase name="Then User clicks on Invest Now button" classname="weinvest.stepdefinitions.InvestSteps" time="1.096"/>
  <testcase name="Then Verify whether the user can see the SPDR value as 50 percentage" classname="weinvest.stepdefinitions.InvestSteps" time="1.114">
    <error message="expected:&lt;[50]&gt; but was:&lt;[13.79]&gt;" type="net.serenitybdd.core.exceptions.SerenityManagedException"><![CDATA[net.serenitybdd.core.exceptions.SerenityManagedException: expected:<[50]> but was:<[13.79]>
	at weinvest.stepdefinitions.InvestSteps.thenSPDRValueAs50Percentage(InvestSteps.java:56)
]]></error>
    <system-out><![CDATA[Then User clicks on Invest Now button
]]></system-out>
  </testcase>
  <testcase name="AfterStories" classname="java.lang.Object" time="0"/>
  <testcase name="AfterStories" classname="java.lang.Object" time="0"/>
  <testcase name="Then Clicks on Add Stock Button for US Equities" classname="weinvest.stepdefinitions.AddNewStockSteps" time="0.763"/>
  <testcase name="Then Scroll down to the pop up windows and click Add stock button of BT Group plc stock" classname="weinvest.stepdefinitions.AddNewStockSteps" time="1.713"/>
  <testcase name="Then Click Done button" classname="weinvest.stepdefinitions.AddNewStockSteps" time="1.331"/>
  <testcase name="Then Verify whether new stock BT Group plc added to portfolio" classname="weinvest.stepdefinitions.AddNewStockSteps" time="0.342"/>
  <testcase name="Scenario: Verify the successfull addition of New Stock into US Equity Portfolio" classname="Scenario: Verify the successfull addition of New Stock into US Equity Portfolio" time="0.343"/>
  <testcase name="AddNewStock․story" classname="AddNewStock․story" time="0.349"/>
</testsuite>